1555156821250:add 1 9
1555156827288:add
1555156866899:add -h
1555157038662:add
1555157231965:sum
1555157239386:add
1555157603322:sum --two
1555157617177:sum --two 2
1555157695493:sum -a 2
1555158276991:sum1 1
1555158286463:sum1 1 2 3 4
1555158703121:bool
1555158711871:bool --yes
1555158941642:ench yes
1555158950504:ench ''es
1555158962776:echo 'es'
1555159008437:echo 'yes'
1555159063318:echo "yes"
1555159248094:echo 3
1555159258480:echo 333
1555159382359:help
1555159390719:help add
1555159477894:clear
1555159870829:help
1555159875974:clear
1555160094501:help
1555160098630:clear
1555160121604:help
1555160123782:clear
1555160357900:clera
1555160363622:clear
1555161103352:converter huang@my.dragon.com
